<?xml version="1.0" encoding="UTF-8"?>
<coverage generated="1674350262672" clover="3.2.0">
  <project timestamp="1674350262672" name="All files">
    <metrics statements="7" coveredstatements="7" conditionals="6" coveredconditionals="6" methods="2" coveredmethods="2" elements="15" coveredelements="15" complexity="0" loc="7" ncloc="7" packages="1" files="1" classes="1"/>
    <file name="hello.js" path="/workspaces/studioForm/hello.js">
      <metrics statements="7" coveredstatements="7" conditionals="6" coveredconditionals="6" methods="2" coveredmethods="2"/>
      <line num="4" count="4" type="stmt"/>
      <line num="7" count="4" type="stmt"/>
      <line num="8" count="7" type="cond" truecount="4" falsecount="0"/>
      <line num="12" count="4" type="cond" truecount="2" falsecount="0"/>
      <line num="15" count="4" type="stmt"/>
      <line num="18" count="4" type="stmt"/>
      <line num="21" count="1" type="stmt"/>
    </file>
  </project>
</coverage>
